2025-02-06 16:18:49,452 ERROR: Error accessing admin dashboard: (sqlite3.OperationalError) no such table: registration
[SQL: SELECT registration.id AS registration_id, registration.children AS registration_children, registration.parent_firstname AS registration_parent_firstname, registration.parent_lastname AS registration_parent_lastname, registration.phone_number AS registration_phone_number, registration.email AS registration_email, registration.confirmed AS registration_confirmed, registration.created_at AS registration_created_at 
FROM registration ORDER BY registration.created_at DESC]
(Background on this error at: https://sqlalche.me/e/20/e3q8) [in C:\Users\pwwpp\Websites\anmeldung-kinderfasching\app.py:516]
2025-02-06 16:18:55,127 INFO: Admin login successful [in C:\Users\pwwpp\Websites\anmeldung-kinderfasching\app.py:450]
2025-02-06 16:18:55,148 ERROR: Error accessing admin dashboard: (sqlite3.OperationalError) no such table: registration
[SQL: SELECT registration.id AS registration_id, registration.children AS registration_children, registration.parent_firstname AS registration_parent_firstname, registration.parent_lastname AS registration_parent_lastname, registration.phone_number AS registration_phone_number, registration.email AS registration_email, registration.confirmed AS registration_confirmed, registration.created_at AS registration_created_at 
FROM registration ORDER BY registration.created_at DESC]
(Background on this error at: https://sqlalche.me/e/20/e3q8) [in C:\Users\pwwpp\Websites\anmeldung-kinderfasching\app.py:516]
2025-02-06 16:25:11,453 INFO: Application startup [in C:\Users\pwwpp\Websites\anmeldung-kinderfasching\app.py:94]
2025-02-06 16:25:13,917 INFO: Application startup [in C:\Users\pwwpp\Websites\anmeldung-kinderfasching\app.py:94]
2025-02-06 16:25:24,892 INFO: Application startup [in C:\Users\pwwpp\Websites\anmeldung-kinderfasching\app.py:94]
2025-02-06 16:25:29,388 INFO: Registrations data: [] [in C:\Users\pwwpp\Websites\anmeldung-kinderfasching\app.py:504]
2025-02-06 16:25:29,388 INFO: Stats: {'total_registrations': 0, 'confirmed_registrations': 0, 'total_children': 0} [in C:\Users\pwwpp\Websites\anmeldung-kinderfasching\app.py:505]
2025-02-06 16:25:53,501 INFO: Admin login successful [in C:\Users\pwwpp\Websites\anmeldung-kinderfasching\app.py:450]
2025-02-06 16:25:53,519 INFO: Registrations data: [] [in C:\Users\pwwpp\Websites\anmeldung-kinderfasching\app.py:504]
2025-02-06 16:25:53,520 INFO: Stats: {'total_registrations': 0, 'confirmed_registrations': 0, 'total_children': 0} [in C:\Users\pwwpp\Websites\anmeldung-kinderfasching\app.py:505]
2025-02-06 16:27:05,835 INFO: Application startup [in C:\Users\pwwpp\Websites\anmeldung-kinderfasching\app.py:94]
2025-02-06 16:29:44,249 INFO: Application startup [in C:\Users\pwwpp\Websites\anmeldung-kinderfasching\app.py:94]
2025-02-07 13:10:10,386 INFO: Application startup [in C:\Users\pwwpp\Websites\anmeldung-kinderfasching\app.py:94]
2025-02-07 13:11:32,077 INFO: Application startup [in C:\Users\pwwpp\Websites\anmeldung-kinderfasching\app.py:94]
2025-02-07 13:11:51,317 INFO: Admin login successful [in C:\Users\pwwpp\Websites\anmeldung-kinderfasching\app.py:450]
2025-02-07 13:11:56,353 INFO: Registrations data: [] [in C:\Users\pwwpp\Websites\anmeldung-kinderfasching\app.py:504]
2025-02-07 13:11:56,354 INFO: Stats: {'total_registrations': 0, 'confirmed_registrations': 0, 'total_children': 0} [in C:\Users\pwwpp\Websites\anmeldung-kinderfasching\app.py:505]
2025-02-07 13:21:33,947 INFO: Application startup [in C:\Users\pwwpp\Websites\anmeldung-kinderfasching\app.py:94]
2025-02-07 13:23:45,298 INFO: Application startup [in C:\Users\pwwpp\Websites\anmeldung-kinderfasching\app.py:94]
2025-02-07 13:30:13,355 INFO: Application startup [in C:\Users\pwwpp\Websites\anmeldung-kinderfasching\app.py:94]
2025-02-07 13:30:45,254 INFO: Registrations data: [] [in C:\Users\pwwpp\Websites\anmeldung-kinderfasching\app.py:504]
2025-02-07 13:30:45,255 INFO: Stats: {'total_registrations': 0, 'confirmed_registrations': 0, 'total_children': 0} [in C:\Users\pwwpp\Websites\anmeldung-kinderfasching\app.py:505]
2025-02-07 13:30:49,072 INFO: Deleted all 0 registration entries [in C:\Users\pwwpp\Websites\anmeldung-kinderfasching\app.py:589]
2025-02-07 13:30:49,097 INFO: Registrations data: [] [in C:\Users\pwwpp\Websites\anmeldung-kinderfasching\app.py:504]
2025-02-07 13:30:49,097 INFO: Stats: {'total_registrations': 0, 'confirmed_registrations': 0, 'total_children': 0} [in C:\Users\pwwpp\Websites\anmeldung-kinderfasching\app.py:505]
2025-02-07 13:30:55,510 INFO: Deleted all 0 registration entries [in C:\Users\pwwpp\Websites\anmeldung-kinderfasching\app.py:589]
2025-02-07 13:30:55,535 INFO: Registrations data: [] [in C:\Users\pwwpp\Websites\anmeldung-kinderfasching\app.py:504]
2025-02-07 13:30:55,536 INFO: Stats: {'total_registrations': 0, 'confirmed_registrations': 0, 'total_children': 0} [in C:\Users\pwwpp\Websites\anmeldung-kinderfasching\app.py:505]
2025-02-07 13:33:20,270 INFO: Application startup [in C:\Users\pwwpp\Websites\anmeldung-kinderfasching\app.py:94]
2025-02-07 13:33:25,628 INFO: Registrations data: [] [in C:\Users\pwwpp\Websites\anmeldung-kinderfasching\app.py:504]
2025-02-07 13:33:25,629 INFO: Stats: {'total_registrations': 0, 'confirmed_registrations': 0, 'total_children': 0} [in C:\Users\pwwpp\Websites\anmeldung-kinderfasching\app.py:505]
2025-02-07 13:33:28,079 INFO: Deleted all 0 registration entries [in C:\Users\pwwpp\Websites\anmeldung-kinderfasching\app.py:589]
2025-02-07 13:33:28,090 INFO: Registrations data: [] [in C:\Users\pwwpp\Websites\anmeldung-kinderfasching\app.py:504]
2025-02-07 13:33:28,092 INFO: Stats: {'total_registrations': 0, 'confirmed_registrations': 0, 'total_children': 0} [in C:\Users\pwwpp\Websites\anmeldung-kinderfasching\app.py:505]
2025-02-07 13:33:30,956 INFO: Deleted all 0 registration entries [in C:\Users\pwwpp\Websites\anmeldung-kinderfasching\app.py:589]
2025-02-07 13:33:30,979 INFO: Registrations data: [] [in C:\Users\pwwpp\Websites\anmeldung-kinderfasching\app.py:504]
2025-02-07 13:33:30,980 INFO: Stats: {'total_registrations': 0, 'confirmed_registrations': 0, 'total_children': 0} [in C:\Users\pwwpp\Websites\anmeldung-kinderfasching\app.py:505]
2025-02-07 13:36:59,376 INFO: Application startup [in C:\Users\pwwpp\Websites\anmeldung-kinderfasching\app.py:94]
2025-02-07 13:37:04,455 INFO: Registrations data: [] [in C:\Users\pwwpp\Websites\anmeldung-kinderfasching\app.py:504]
2025-02-07 13:37:04,456 INFO: Stats: {'total_registrations': 0, 'confirmed_registrations': 0, 'total_children': 0} [in C:\Users\pwwpp\Websites\anmeldung-kinderfasching\app.py:505]
2025-02-07 13:37:13,284 INFO: Registrations data: [] [in C:\Users\pwwpp\Websites\anmeldung-kinderfasching\app.py:504]
2025-02-07 13:37:13,286 INFO: Stats: {'total_registrations': 0, 'confirmed_registrations': 0, 'total_children': 0} [in C:\Users\pwwpp\Websites\anmeldung-kinderfasching\app.py:505]
2025-02-07 13:39:18,146 INFO: Application startup [in C:\Users\pwwpp\Websites\anmeldung-kinderfasching\app.py:94]
2025-02-07 13:39:22,740 INFO: Registrations data: [] [in C:\Users\pwwpp\Websites\anmeldung-kinderfasching\app.py:504]
2025-02-07 13:39:22,740 INFO: Stats: {'total_registrations': 0, 'confirmed_registrations': 0, 'total_children': 0} [in C:\Users\pwwpp\Websites\anmeldung-kinderfasching\app.py:505]
2025-02-07 13:39:26,116 INFO: Deleted all 0 registration entries [in C:\Users\pwwpp\Websites\anmeldung-kinderfasching\app.py:589]
2025-02-07 13:39:26,135 INFO: Registrations data: [] [in C:\Users\pwwpp\Websites\anmeldung-kinderfasching\app.py:504]
2025-02-07 13:39:26,136 INFO: Stats: {'total_registrations': 0, 'confirmed_registrations': 0, 'total_children': 0} [in C:\Users\pwwpp\Websites\anmeldung-kinderfasching\app.py:505]
